<?xml version="1.0" encoding="UTF-8"?>
<testsuite xmlns:xsi="http://www.w3.org/2001/XMLSchema-instance" xsi:noNamespaceSchemaLocation="https://maven.apache.org/surefire/maven-surefire-plugin/xsd/surefire-test-report-3.0.xsd" version="3.0" name="org.jiffy.processor.EffectProcessorTest" time="0.007" tests="9" errors="0" skipped="0" failures="0">
  <properties>
[...]
</properties>
  <testcase name="testCalculateScoreVariationsDetection" classname="org.jiffy.processor.EffectProcessorTest" time="0.0"/>
  <testcase name="testAnalyzeMethodWithMultipleEffects" classname="org.jiffy.processor.EffectProcessorTest" time="0.0"/>
  <testcase name="testPartialPatternMatching" classname="org.jiffy.processor.EffectProcessorTest" time="0.0"/>
  <testcase name="testPureMethodShouldHaveNoEffects" classname="org.jiffy.processor.EffectProcessorTest" time="0.0"/>
  <testcase name="testAnalyzeMethodWithOrderEffect" classname="org.jiffy.processor.EffectProcessorTest" time="0.0"/>
  <testcase name="testAnalyzeMethodWithLogEffect" classname="org.jiffy.processor.EffectProcessorTest" time="0.0"/>
  <testcase name="testCalculateScoreSequentialDetection" classname="org.jiffy.processor.EffectProcessorTest" time="0.001"/>
  <testcase name="testCombinedEffectDetection" classname="org.jiffy.processor.EffectProcessorTest" time="0.0"/>
  <testcase name="testReturnEffectDetection" classname="org.jiffy.processor.EffectProcessorTest" time="0.001"/>
</testsuite>